2024-12-12 23:11:04,152 - OrderSystem - INFO - Logging system initialized
2024-12-12 23:11:42,451 - OrderSystem - INFO - Starting generate_order_form
2024-12-12 23:11:42,453 - OrderSystem - INFO - Initializing OrderSelectionDialog
2024-12-12 23:11:42,489 - OrderSystem - INFO - Initializing database connection in dialog...
2024-12-12 23:11:42,999 - OrderSystem - INFO - Database session created successfully in dialog
2024-12-12 23:11:43,004 - OrderSystem - INFO - Loading orders from database
2024-12-12 23:11:43,110 - OrderSystem - INFO - Found 80 băng keo orders and 0 trục in orders
2024-12-12 23:11:43,113 - OrderSystem - INFO - Orders loaded successfully
2024-12-12 23:11:43,151 - OrderSystem - INFO - OrderSelectionDialog initialized successfully
2024-12-12 23:11:50,274 - OrderSystem - INFO - Canceling order selection
2024-12-12 23:11:50,984 - OrderSystem - INFO - Starting generate_order_form
2024-12-12 23:11:50,984 - OrderSystem - INFO - Initializing OrderSelectionDialog
2024-12-12 23:11:51,023 - OrderSystem - INFO - Initializing database connection in dialog...
2024-12-12 23:11:51,516 - OrderSystem - INFO - Database session created successfully in dialog
2024-12-12 23:11:51,522 - OrderSystem - INFO - Loading orders from database
2024-12-12 23:11:51,629 - OrderSystem - INFO - Found 80 băng keo orders and 0 trục in orders
2024-12-12 23:11:51,630 - OrderSystem - INFO - Orders loaded successfully
2024-12-12 23:11:51,670 - OrderSystem - INFO - OrderSelectionDialog initialized successfully
2024-12-12 23:11:55,526 - OrderSystem - INFO - Confirming order selection
2024-12-12 23:11:55,526 - OrderSystem - INFO - Selected orders: ['BK-12-24-059', 'BK-12-24-054']
2024-12-12 23:11:55,528 - OrderSystem - INFO - Initializing database connection for preview
2024-12-12 23:11:56,402 - OrderSystem - INFO - Showing preview dialog
2024-12-12 23:12:11,179 - OrderSystem - INFO - Generating PDF
2024-12-12 23:12:12,090 - OrderSystem - INFO - PDF generated successfully
2024-12-12 23:12:12,090 - OrderSystem - INFO - Order form generation completed
2024-12-12 23:12:22,216 - OrderSystem - INFO - Canceling order selection
2024-12-12 23:14:55,802 - OrderSystem - INFO - Starting generate_order_form
2024-12-12 23:14:55,803 - OrderSystem - INFO - Initializing OrderSelectionDialog
2024-12-12 23:14:55,842 - OrderSystem - INFO - Initializing database connection in dialog...
2024-12-12 23:14:56,411 - OrderSystem - INFO - Database session created successfully in dialog
2024-12-12 23:14:56,416 - OrderSystem - INFO - Loading orders from database
2024-12-12 23:14:56,547 - OrderSystem - INFO - Found 80 băng keo orders and 0 trục in orders
2024-12-12 23:14:56,548 - OrderSystem - INFO - Orders loaded successfully
2024-12-12 23:14:56,596 - OrderSystem - INFO - OrderSelectionDialog initialized successfully
2024-12-12 23:15:01,629 - OrderSystem - INFO - Loading orders from database
2024-12-12 23:15:01,729 - OrderSystem - INFO - Found 80 băng keo orders and 0 trục in orders
2024-12-12 23:15:01,730 - OrderSystem - INFO - Orders loaded successfully
2024-12-12 23:15:02,400 - OrderSystem - INFO - Loading orders from database
2024-12-12 23:15:02,500 - OrderSystem - INFO - Found 80 băng keo orders and 0 trục in orders
2024-12-12 23:15:02,501 - OrderSystem - INFO - Orders loaded successfully
2024-12-12 23:15:03,474 - OrderSystem - INFO - Loading orders from database
2024-12-12 23:15:03,549 - OrderSystem - INFO - Found 80 băng keo orders and 0 trục in orders
2024-12-12 23:15:03,551 - OrderSystem - INFO - Orders loaded successfully
2024-12-12 23:15:06,838 - OrderSystem - INFO - Loading orders from database
2024-12-12 23:15:06,916 - OrderSystem - INFO - Found 80 băng keo orders and 0 trục in orders
2024-12-12 23:15:06,917 - OrderSystem - INFO - Orders loaded successfully
2024-12-12 23:15:08,695 - OrderSystem - INFO - Loading orders from database
2024-12-12 23:15:08,771 - OrderSystem - INFO - Found 80 băng keo orders and 0 trục in orders
2024-12-12 23:15:08,772 - OrderSystem - INFO - Orders loaded successfully
2024-12-12 23:15:11,707 - OrderSystem - INFO - Loading orders from database
2024-12-12 23:15:11,782 - OrderSystem - INFO - Found 80 băng keo orders and 0 trục in orders
2024-12-12 23:15:11,783 - OrderSystem - INFO - Orders loaded successfully
2024-12-12 23:15:13,391 - OrderSystem - INFO - Loading orders from database
2024-12-12 23:15:13,468 - OrderSystem - INFO - Found 80 băng keo orders and 0 trục in orders
2024-12-12 23:15:13,469 - OrderSystem - INFO - Orders loaded successfully
2024-12-12 23:16:31,233 - OrderSystem - INFO - Canceling order selection
