2024-12-12 22:12:16,847 - OrderSystem - INFO - Logging system initialized
2024-12-12 22:12:16,850 - OrderSystem - INFO - Starting generate_order_form
2024-12-12 22:12:16,850 - OrderSystem - INFO - Initializing OrderSelectionDialog
2024-12-12 22:12:16,897 - OrderSystem - INFO - Initializing database connection in dialog...
2024-12-12 22:12:17,569 - OrderSystem - INFO - Database session created successfully in dialog
2024-12-12 22:12:17,575 - OrderSystem - INFO - Loading orders from database
2024-12-12 22:12:17,691 - OrderSystem - INFO - Found 81 băng keo orders and 0 trục in orders
2024-12-12 22:12:17,704 - OrderSystem - INFO - Orders loaded successfully
2024-12-12 22:12:17,725 - OrderSystem - INFO - OrderSelectionDialog initialized successfully
2024-12-12 22:12:19,499 - OrderSystem - INFO - Confirming order selection
2024-12-12 22:12:19,499 - OrderSystem - INFO - Selected orders: ['BK-12-24-062', 'BK-12-24-058']
2024-12-12 22:12:19,539 - OrderSystem - INFO - Selected order IDs: ['BK-12-24-062', 'BK-12-24-058']
2024-12-12 22:12:19,539 - OrderSystem - INFO - Initializing database connection for preview
2024-12-12 22:12:20,341 - OrderSystem - INFO - Showing preview dialog
2024-12-12 22:12:20,341 - OrderSystem - ERROR - Error in generate_order_form: can't invoke "toplevel" command: application has been destroyed
Traceback (most recent call last):
  File "c:\Users\PC\Documents\scr\report_gen.py", line 561, in generate_order_form
    preview = PreviewDialog(main_window, preview_data)
              ^^^^^^^^^^^^^^^^^^^^^^^^^^^^^^^^^^^^^^^^
  File "c:\Users\PC\Documents\scr\preview_dialog.py", line 7, in __init__
    super().__init__(parent)
  File "C:\Program Files\WindowsApps\PythonSoftwareFoundation.Python.3.11_3.11.2544.0_x64__qbz5n2kfra8p0\Lib\tkinter\__init__.py", line 2696, in __init__
    BaseWidget.__init__(self, master, 'toplevel', cnf, {}, extra)
  File "C:\Program Files\WindowsApps\PythonSoftwareFoundation.Python.3.11_3.11.2544.0_x64__qbz5n2kfra8p0\Lib\tkinter\__init__.py", line 2647, in __init__
    self.tk.call(
_tkinter.TclError: can't invoke "toplevel" command: application has been destroyed
