2024-12-10 12:54:41,228 [INFO] Starting application...
2024-12-10 12:54:41,228 [INFO] Initializing database at: c:\Users\PC\Documents\scr\orders.db
2024-12-10 12:54:41,311 [INFO] Database initialized successfully
2024-12-10 12:54:42,655 [INFO] Created main window
2024-12-10 12:54:42,655 [DEBUG] Attempting to load icon from: c:\Users\PC\Documents\scr\assets\icon.ico
2024-12-10 12:54:42,667 [DEBUG] Successfully loaded .ico icon
2024-12-10 12:54:42,677 [INFO] Showed splash screen
2024-12-10 12:54:42,926 [INFO] Created main form
2024-12-10 12:54:42,926 [INFO] Starting main loop
2024-12-10 12:55:43,707 [INFO] Successfully deleted record BK-12-24-008 from database
2024-12-10 12:55:43,707 [INFO] Successfully deleted item from tree
2024-12-10 12:55:43,711 [INFO] Successfully deleted record BK-12-24-007 from database
2024-12-10 12:55:43,711 [INFO] Successfully deleted item from tree
2024-12-10 12:55:43,716 [INFO] Successfully deleted record BK-12-24-006 from database
2024-12-10 12:55:43,716 [INFO] Successfully deleted item from tree
2024-12-10 12:55:43,720 [INFO] Successfully deleted record BK-12-24-005 from database
2024-12-10 12:55:43,720 [INFO] Successfully deleted item from tree
2024-12-10 12:55:43,724 [INFO] Successfully deleted record BK-12-24-004 from database
2024-12-10 12:55:43,724 [INFO] Successfully deleted item from tree
2024-12-10 12:55:43,729 [INFO] Successfully deleted record BK-12-24-003 from database
2024-12-10 12:55:43,729 [INFO] Successfully deleted item from tree
2024-12-10 12:55:43,734 [INFO] Successfully deleted record BK-12-24-002 from database
2024-12-10 12:55:43,734 [INFO] Successfully deleted item from tree
2024-12-10 12:55:43,738 [INFO] Successfully deleted record BK-12-24-001 from database
2024-12-10 12:55:43,738 [INFO] Successfully deleted item from tree
2024-12-10 12:55:48,766 [INFO] Successfully deleted record TI-12-24-006 from database
2024-12-10 12:55:48,766 [INFO] Successfully deleted item from tree
2024-12-10 12:55:48,771 [INFO] Successfully deleted record TI-12-24-005 from database
2024-12-10 12:55:48,771 [INFO] Successfully deleted item from tree
2024-12-10 12:55:48,777 [INFO] Successfully deleted record TI-12-24-004 from database
2024-12-10 12:55:48,777 [INFO] Successfully deleted item from tree
2024-12-10 12:55:48,781 [INFO] Successfully deleted record TI-12-24-002 from database
2024-12-10 12:55:48,781 [INFO] Successfully deleted item from tree
2024-12-10 12:55:48,786 [INFO] Successfully deleted record TI-12-24-001 from database
2024-12-10 12:55:48,787 [INFO] Successfully deleted item from tree
