2024-12-13 23:49:05,876 - OrderSystem - INFO - Logging system initialized
2024-12-13 23:49:08,917 - OrderSystem - INFO - Initializing OrderSelectionDialog
2024-12-13 23:49:08,917 - OrderSystem - INFO - Initializing database connection in dialog...
2024-12-13 23:49:09,431 - OrderSystem - INFO - Database session created successfully in dialog
2024-12-13 23:49:09,438 - OrderSystem - INFO - Loading orders from database
2024-12-13 23:49:09,572 - OrderSystem - INFO - Found 89 băng keo orders and 11 trục in orders
2024-12-13 23:49:09,573 - OrderSystem - INFO - Orders loaded successfully
2024-12-13 23:49:09,580 - OrderSystem - INFO - OrderSelectionDialog initialized successfully
2024-12-13 23:49:11,535 - OrderSystem - INFO - Confirming order selection
2024-12-13 23:49:11,535 - OrderSystem - INFO - Selected orders: ['BK-12-24-081']
2024-12-13 23:49:11,535 - OrderSystem - INFO - Initializing database connection for preview
2024-12-13 23:49:12,153 - OrderSystem - INFO - Showing preview dialog
2024-12-13 23:49:20,654 - OrderSystem - INFO - Generating PDF
2024-12-13 23:49:21,831 - OrderSystem - INFO - PDF generated successfully
2024-12-13 23:49:21,888 - OrderSystem - INFO - Order form generation completed
2024-12-13 23:49:42,034 - OrderSystem - INFO - Initializing OrderSelectionDialog
2024-12-13 23:49:42,035 - OrderSystem - INFO - Initializing database connection in dialog...
2024-12-13 23:49:42,562 - OrderSystem - INFO - Database session created successfully in dialog
2024-12-13 23:49:42,567 - OrderSystem - INFO - Loading orders from database
2024-12-13 23:49:42,702 - OrderSystem - INFO - Found 89 băng keo orders and 11 trục in orders
2024-12-13 23:49:42,703 - OrderSystem - INFO - Orders loaded successfully
2024-12-13 23:49:42,712 - OrderSystem - INFO - OrderSelectionDialog initialized successfully
2024-12-13 23:49:45,933 - OrderSystem - INFO - Canceling order selection
