2024-12-12 22:09:11,797 - OrderSystem - INFO - Logging system initialized
2024-12-12 22:09:11,800 - OrderSystem - INFO - Starting generate_order_form
2024-12-12 22:09:11,800 - OrderSystem - INFO - Initializing OrderSelectionDialog
2024-12-12 22:09:11,849 - OrderSystem - INFO - Initializing database connection in dialog...
2024-12-12 22:09:12,425 - OrderSystem - INFO - Database session created successfully in dialog
2024-12-12 22:09:12,431 - OrderSystem - INFO - Loading orders from database
2024-12-12 22:09:12,570 - OrderSystem - INFO - Found 81 băng keo orders and 0 trục in orders
2024-12-12 22:09:12,571 - OrderSystem - INFO - Orders loaded successfully
2024-12-12 22:09:12,590 - OrderSystem - INFO - OrderSelectionDialog initialized successfully
2024-12-12 22:09:15,267 - OrderSystem - INFO - Confirming order selection
2024-12-12 22:09:15,267 - OrderSystem - INFO - Selected orders: ['BK-12-24-063', 'BK-12-24-059']
2024-12-12 22:09:15,305 - OrderSystem - INFO - Selected order IDs: ['BK-12-24-063', 'BK-12-24-059']
2024-12-12 22:09:15,305 - OrderSystem - INFO - Initializing database connection for preview
2024-12-12 22:09:16,012 - OrderSystem - INFO - Showing preview dialog
2024-12-12 22:09:16,012 - OrderSystem - ERROR - Error in generate_order_form: PreviewDialog.__init__() missing 2 required positional arguments: 'parent' and 'order_data'
Traceback (most recent call last):
  File "c:\Users\PC\Documents\scr\report_gen.py", line 559, in generate_order_form
    preview = PreviewDialog()  # Tạo một instance mới của PreviewDialog
              ^^^^^^^^^^^^^^^
TypeError: PreviewDialog.__init__() missing 2 required positional arguments: 'parent' and 'order_data'
