2024-12-13 12:48:45,072 - OrderSystem - INFO - Logging system initialized
2024-12-13 12:49:00,050 - OrderSystem - INFO - Initializing database connection in dialog...
2024-12-13 12:49:01,307 - OrderSystem - INFO - Database session created successfully in dialog
2024-12-13 12:49:01,317 - OrderSystem - INFO - Loading orders from database
2024-12-13 12:49:01,500 - OrderSystem - INFO - Found 85 băng keo orders and 10 trục in orders
2024-12-13 12:49:01,501 - OrderSystem - INFO - Orders loaded successfully
2024-12-13 12:49:02,863 - OrderSystem - INFO - Confirming order selection
2024-12-13 12:49:02,864 - OrderSystem - INFO - Selected orders: ['BK-12-24-082']
2024-12-13 12:49:02,864 - OrderSystem - INFO - Initializing database connection for preview
2024-12-13 12:49:04,006 - OrderSystem - INFO - Showing preview dialog
2024-12-13 12:49:05,855 - OrderSystem - INFO - Opening save file dialog
2024-12-13 12:49:09,351 - OrderSystem - INFO - Generating PDF at C:/Users/USER/Documents/Zalo Received Files/don_dat_hang1.pdf
2024-12-13 12:49:13,722 - OrderSystem - INFO - Initializing database connection in dialog...
2024-12-13 12:49:14,643 - OrderSystem - INFO - Database session created successfully in dialog
2024-12-13 12:49:14,652 - OrderSystem - INFO - Loading orders from database
2024-12-13 12:49:14,859 - OrderSystem - INFO - Found 85 băng keo orders and 10 trục in orders
2024-12-13 12:49:14,870 - OrderSystem - INFO - Orders loaded successfully
2024-12-13 12:49:16,338 - OrderSystem - INFO - Confirming order selection
2024-12-13 12:49:16,339 - OrderSystem - INFO - Selected orders: ['BK-12-24-075']
2024-12-13 12:49:16,339 - OrderSystem - INFO - Initializing database connection for preview
2024-12-13 12:49:17,518 - OrderSystem - INFO - Showing preview dialog
2024-12-13 12:49:19,096 - OrderSystem - INFO - Opening save file dialog
2024-12-13 12:49:21,883 - OrderSystem - INFO - Generating PDF at C:/Users/USER/Documents/Zalo Received Files/don_dat_hang.pdf
2024-12-13 12:49:22,677 - OrderSystem - INFO - PDF generated successfully
2024-12-13 12:49:22,679 - OrderSystem - INFO - Order form generation completed
2024-12-13 12:49:47,917 - OrderSystem - INFO - Canceling order selection
