2024-12-10 23:14:55,655 [INFO] Starting application...
2024-12-10 23:14:55,656 [INFO] Initializing database at: c:\Users\PC\Documents\scr\orders.db
2024-12-10 23:14:55,747 [INFO] Database initialized successfully
2024-12-10 23:14:56,923 [INFO] Created main window
2024-12-10 23:14:56,923 [DEBUG] Attempting to load icon from: c:\Users\PC\Documents\scr\assets\icon.ico
2024-12-10 23:14:56,938 [DEBUG] Successfully loaded .ico icon
2024-12-10 23:14:56,952 [INFO] Showed splash screen
2024-12-10 23:14:57,274 [INFO] Created main form
2024-12-10 23:14:57,274 [INFO] Starting main loop
2024-12-10 23:18:00,157 [INFO] Data imported and saved to the database successfully
2024-12-10 23:22:17,115 [INFO] Successfully deleted record BK-12-24-064 from database
2024-12-10 23:22:17,116 [INFO] Successfully deleted item from tree
2024-12-10 23:22:17,121 [INFO] Successfully deleted record BK-12-24-063 from database
2024-12-10 23:22:17,122 [INFO] Successfully deleted item from tree
2024-12-10 23:22:17,131 [INFO] Successfully deleted record BK-12-24-062 from database
2024-12-10 23:22:17,131 [INFO] Successfully deleted item from tree
2024-12-10 23:22:17,138 [INFO] Successfully deleted record BK-12-24-061 from database
2024-12-10 23:22:17,138 [INFO] Successfully deleted item from tree
2024-12-10 23:22:17,145 [INFO] Successfully deleted record BK-12-24-060 from database
2024-12-10 23:22:17,145 [INFO] Successfully deleted item from tree
2024-12-10 23:22:17,151 [INFO] Successfully deleted record BK-12-24-059 from database
2024-12-10 23:22:17,151 [INFO] Successfully deleted item from tree
2024-12-10 23:22:17,157 [INFO] Successfully deleted record BK-12-24-058 from database
2024-12-10 23:22:17,157 [INFO] Successfully deleted item from tree
2024-12-10 23:22:17,164 [INFO] Successfully deleted record BK-12-24-057 from database
2024-12-10 23:22:17,164 [INFO] Successfully deleted item from tree
2024-12-10 23:22:17,170 [INFO] Successfully deleted record BK-12-24-056 from database
2024-12-10 23:22:17,170 [INFO] Successfully deleted item from tree
2024-12-10 23:22:17,178 [INFO] Successfully deleted record BK-12-24-055 from database
2024-12-10 23:22:17,178 [INFO] Successfully deleted item from tree
2024-12-10 23:22:17,185 [INFO] Successfully deleted record BK-12-24-054 from database
2024-12-10 23:22:17,186 [INFO] Successfully deleted item from tree
2024-12-10 23:22:17,192 [INFO] Successfully deleted record BK-12-24-053 from database
2024-12-10 23:22:17,192 [INFO] Successfully deleted item from tree
2024-12-10 23:22:17,200 [INFO] Successfully deleted record BK-12-24-052 from database
2024-12-10 23:22:17,200 [INFO] Successfully deleted item from tree
2024-12-10 23:22:17,206 [INFO] Successfully deleted record BK-12-24-051 from database
2024-12-10 23:22:17,206 [INFO] Successfully deleted item from tree
2024-12-10 23:22:17,212 [INFO] Successfully deleted record BK-12-24-050 from database
2024-12-10 23:22:17,213 [INFO] Successfully deleted item from tree
2024-12-10 23:22:17,218 [INFO] Successfully deleted record BK-12-24-049 from database
2024-12-10 23:22:17,218 [INFO] Successfully deleted item from tree
2024-12-10 23:22:17,225 [INFO] Successfully deleted record BK-12-24-048 from database
2024-12-10 23:22:17,225 [INFO] Successfully deleted item from tree
2024-12-10 23:22:17,233 [INFO] Successfully deleted record BK-12-24-047 from database
2024-12-10 23:22:17,233 [INFO] Successfully deleted item from tree
2024-12-10 23:22:17,242 [INFO] Successfully deleted record BK-12-24-046 from database
2024-12-10 23:22:17,242 [INFO] Successfully deleted item from tree
2024-12-10 23:22:17,249 [INFO] Successfully deleted record BK-12-24-045 from database
2024-12-10 23:22:17,249 [INFO] Successfully deleted item from tree
2024-12-10 23:22:17,256 [INFO] Successfully deleted record BK-12-24-044 from database
2024-12-10 23:22:17,256 [INFO] Successfully deleted item from tree
2024-12-10 23:22:17,262 [INFO] Successfully deleted record BK-12-24-043 from database
2024-12-10 23:22:17,262 [INFO] Successfully deleted item from tree
2024-12-10 23:22:17,269 [INFO] Successfully deleted record BK-12-24-042 from database
2024-12-10 23:22:17,269 [INFO] Successfully deleted item from tree
2024-12-10 23:22:17,275 [INFO] Successfully deleted record BK-12-24-041 from database
2024-12-10 23:22:17,275 [INFO] Successfully deleted item from tree
2024-12-10 23:22:17,282 [INFO] Successfully deleted record BK-12-24-040 from database
2024-12-10 23:22:17,282 [INFO] Successfully deleted item from tree
2024-12-10 23:22:17,289 [INFO] Successfully deleted record BK-12-24-039 from database
2024-12-10 23:22:17,289 [INFO] Successfully deleted item from tree
2024-12-10 23:22:17,295 [INFO] Successfully deleted record BK-12-24-038 from database
2024-12-10 23:22:17,295 [INFO] Successfully deleted item from tree
2024-12-10 23:22:17,301 [INFO] Successfully deleted record BK-12-24-037 from database
2024-12-10 23:22:17,301 [INFO] Successfully deleted item from tree
2024-12-10 23:22:17,308 [INFO] Successfully deleted record BK-12-24-036 from database
2024-12-10 23:22:17,308 [INFO] Successfully deleted item from tree
2024-12-10 23:22:17,312 [INFO] Successfully deleted record BK-12-24-035 from database
2024-12-10 23:22:17,312 [INFO] Successfully deleted item from tree
2024-12-10 23:22:17,320 [INFO] Successfully deleted record BK-12-24-034 from database
2024-12-10 23:22:17,320 [INFO] Successfully deleted item from tree
2024-12-10 23:22:17,325 [INFO] Successfully deleted record BK-12-24-033 from database
2024-12-10 23:22:17,326 [INFO] Successfully deleted item from tree
2024-12-10 23:22:17,332 [INFO] Successfully deleted record BK-12-24-032 from database
2024-12-10 23:22:17,332 [INFO] Successfully deleted item from tree
2024-12-10 23:22:17,337 [INFO] Successfully deleted record BK-12-24-031 from database
2024-12-10 23:22:17,337 [INFO] Successfully deleted item from tree
2024-12-10 23:22:17,344 [INFO] Successfully deleted record BK-12-24-030 from database
2024-12-10 23:22:17,344 [INFO] Successfully deleted item from tree
2024-12-10 23:22:17,350 [INFO] Successfully deleted record BK-12-24-029 from database
2024-12-10 23:22:17,350 [INFO] Successfully deleted item from tree
2024-12-10 23:22:17,356 [INFO] Successfully deleted record BK-12-24-028 from database
2024-12-10 23:22:17,356 [INFO] Successfully deleted item from tree
2024-12-10 23:22:17,362 [INFO] Successfully deleted record BK-12-24-027 from database
2024-12-10 23:22:17,362 [INFO] Successfully deleted item from tree
2024-12-10 23:22:17,368 [INFO] Successfully deleted record BK-12-24-026 from database
2024-12-10 23:22:17,368 [INFO] Successfully deleted item from tree
2024-12-10 23:22:17,373 [INFO] Successfully deleted record BK-12-24-025 from database
2024-12-10 23:22:17,374 [INFO] Successfully deleted item from tree
2024-12-10 23:22:17,379 [INFO] Successfully deleted record BK-12-24-024 from database
2024-12-10 23:22:17,379 [INFO] Successfully deleted item from tree
2024-12-10 23:22:17,386 [INFO] Successfully deleted record BK-12-24-023 from database
2024-12-10 23:22:17,386 [INFO] Successfully deleted item from tree
2024-12-10 23:22:17,391 [INFO] Successfully deleted record BK-12-24-022 from database
2024-12-10 23:22:17,391 [INFO] Successfully deleted item from tree
2024-12-10 23:22:17,398 [INFO] Successfully deleted record BK-12-24-021 from database
2024-12-10 23:22:17,398 [INFO] Successfully deleted item from tree
2024-12-10 23:22:17,404 [INFO] Successfully deleted record BK-12-24-020 from database
2024-12-10 23:22:17,404 [INFO] Successfully deleted item from tree
2024-12-10 23:22:17,410 [INFO] Successfully deleted record BK-12-24-019 from database
2024-12-10 23:22:17,410 [INFO] Successfully deleted item from tree
2024-12-10 23:22:17,416 [INFO] Successfully deleted record BK-12-24-018 from database
2024-12-10 23:22:17,416 [INFO] Successfully deleted item from tree
2024-12-10 23:22:17,422 [INFO] Successfully deleted record BK-12-24-017 from database
2024-12-10 23:22:17,423 [INFO] Successfully deleted item from tree
2024-12-10 23:22:17,429 [INFO] Successfully deleted record BK-12-24-016 from database
2024-12-10 23:22:17,429 [INFO] Successfully deleted item from tree
2024-12-10 23:22:17,435 [INFO] Successfully deleted record BK-12-24-015 from database
2024-12-10 23:22:17,435 [INFO] Successfully deleted item from tree
2024-12-10 23:22:17,442 [INFO] Successfully deleted record BK-12-24-014 from database
2024-12-10 23:22:17,442 [INFO] Successfully deleted item from tree
2024-12-10 23:22:17,447 [INFO] Successfully deleted record BK-12-24-013 from database
2024-12-10 23:22:17,447 [INFO] Successfully deleted item from tree
2024-12-10 23:22:17,454 [INFO] Successfully deleted record BK-12-24-012 from database
2024-12-10 23:22:17,454 [INFO] Successfully deleted item from tree
2024-12-10 23:22:17,460 [INFO] Successfully deleted record BK-12-24-011 from database
2024-12-10 23:22:17,460 [INFO] Successfully deleted item from tree
2024-12-10 23:22:17,467 [INFO] Successfully deleted record BK-12-24-010 from database
2024-12-10 23:22:17,467 [INFO] Successfully deleted item from tree
2024-12-10 23:22:17,472 [INFO] Successfully deleted record BK-12-24-009 from database
2024-12-10 23:22:17,473 [INFO] Successfully deleted item from tree
2024-12-10 23:22:17,499 [INFO] Successfully deleted record BK-12-24-008 from database
2024-12-10 23:22:17,500 [INFO] Successfully deleted item from tree
2024-12-10 23:22:17,508 [INFO] Successfully deleted record BK-12-24-007 from database
2024-12-10 23:22:17,508 [INFO] Successfully deleted item from tree
2024-12-10 23:22:17,514 [INFO] Successfully deleted record BK-12-24-006 from database
2024-12-10 23:22:17,515 [INFO] Successfully deleted item from tree
2024-12-10 23:22:17,520 [INFO] Successfully deleted record BK-12-24-005 from database
2024-12-10 23:22:17,521 [INFO] Successfully deleted item from tree
2024-12-10 23:22:17,526 [INFO] Successfully deleted record BK-12-24-004 from database
2024-12-10 23:22:17,527 [INFO] Successfully deleted item from tree
2024-12-10 23:22:17,533 [INFO] Successfully deleted record BK-12-24-003 from database
2024-12-10 23:22:17,533 [INFO] Successfully deleted item from tree
2024-12-10 23:22:17,539 [INFO] Successfully deleted record BK-12-24-002 from database
2024-12-10 23:22:17,539 [INFO] Successfully deleted item from tree
2024-12-10 23:22:17,546 [INFO] Successfully deleted record BK-12-24-001 from database
2024-12-10 23:22:17,546 [INFO] Successfully deleted item from tree
2024-12-10 23:53:58,362 [INFO] Data imported and saved to the database successfully
2024-12-11 00:02:40,376 [INFO] Successfully deleted record BK-12-24-064 from database
2024-12-11 00:02:40,376 [INFO] Successfully deleted item from tree
2024-12-11 00:02:40,381 [INFO] Successfully deleted record BK-12-24-063 from database
2024-12-11 00:02:40,381 [INFO] Successfully deleted item from tree
2024-12-11 00:02:40,385 [INFO] Successfully deleted record BK-12-24-062 from database
2024-12-11 00:02:40,385 [INFO] Successfully deleted item from tree
2024-12-11 00:02:40,391 [INFO] Successfully deleted record BK-12-24-061 from database
2024-12-11 00:02:40,391 [INFO] Successfully deleted item from tree
2024-12-11 00:02:40,396 [INFO] Successfully deleted record BK-12-24-060 from database
2024-12-11 00:02:40,396 [INFO] Successfully deleted item from tree
2024-12-11 00:02:40,400 [INFO] Successfully deleted record BK-12-24-059 from database
2024-12-11 00:02:40,400 [INFO] Successfully deleted item from tree
2024-12-11 00:02:40,404 [INFO] Successfully deleted record BK-12-24-058 from database
2024-12-11 00:02:40,405 [INFO] Successfully deleted item from tree
2024-12-11 00:02:40,409 [INFO] Successfully deleted record BK-12-24-057 from database
2024-12-11 00:02:40,409 [INFO] Successfully deleted item from tree
2024-12-11 00:02:40,413 [INFO] Successfully deleted record BK-12-24-056 from database
2024-12-11 00:02:40,413 [INFO] Successfully deleted item from tree
2024-12-11 00:02:40,418 [INFO] Successfully deleted record BK-12-24-055 from database
2024-12-11 00:02:40,418 [INFO] Successfully deleted item from tree
2024-12-11 00:02:40,422 [INFO] Successfully deleted record BK-12-24-054 from database
2024-12-11 00:02:40,422 [INFO] Successfully deleted item from tree
2024-12-11 00:02:40,428 [INFO] Successfully deleted record BK-12-24-053 from database
2024-12-11 00:02:40,428 [INFO] Successfully deleted item from tree
2024-12-11 00:02:40,432 [INFO] Successfully deleted record BK-12-24-052 from database
2024-12-11 00:02:40,432 [INFO] Successfully deleted item from tree
2024-12-11 00:02:40,439 [INFO] Successfully deleted record BK-12-24-051 from database
2024-12-11 00:02:40,439 [INFO] Successfully deleted item from tree
2024-12-11 00:02:40,444 [INFO] Successfully deleted record BK-12-24-050 from database
2024-12-11 00:02:40,444 [INFO] Successfully deleted item from tree
2024-12-11 00:02:40,449 [INFO] Successfully deleted record BK-12-24-049 from database
2024-12-11 00:02:40,449 [INFO] Successfully deleted item from tree
2024-12-11 00:02:40,455 [INFO] Successfully deleted record BK-12-24-048 from database
2024-12-11 00:02:40,455 [INFO] Successfully deleted item from tree
2024-12-11 00:02:40,459 [INFO] Successfully deleted record BK-12-24-047 from database
2024-12-11 00:02:40,461 [INFO] Successfully deleted item from tree
2024-12-11 00:02:40,465 [INFO] Successfully deleted record BK-12-24-046 from database
2024-12-11 00:02:40,465 [INFO] Successfully deleted item from tree
2024-12-11 00:02:40,471 [INFO] Successfully deleted record BK-12-24-045 from database
2024-12-11 00:02:40,471 [INFO] Successfully deleted item from tree
2024-12-11 00:02:40,476 [INFO] Successfully deleted record BK-12-24-044 from database
2024-12-11 00:02:40,476 [INFO] Successfully deleted item from tree
2024-12-11 00:02:40,482 [INFO] Successfully deleted record BK-12-24-043 from database
2024-12-11 00:02:40,482 [INFO] Successfully deleted item from tree
2024-12-11 00:02:40,486 [INFO] Successfully deleted record BK-12-24-042 from database
2024-12-11 00:02:40,486 [INFO] Successfully deleted item from tree
2024-12-11 00:02:40,491 [INFO] Successfully deleted record BK-12-24-041 from database
2024-12-11 00:02:40,491 [INFO] Successfully deleted item from tree
2024-12-11 00:02:40,496 [INFO] Successfully deleted record BK-12-24-040 from database
2024-12-11 00:02:40,497 [INFO] Successfully deleted item from tree
2024-12-11 00:02:40,502 [INFO] Successfully deleted record BK-12-24-039 from database
2024-12-11 00:02:40,502 [INFO] Successfully deleted item from tree
2024-12-11 00:02:40,506 [INFO] Successfully deleted record BK-12-24-038 from database
2024-12-11 00:02:40,506 [INFO] Successfully deleted item from tree
2024-12-11 00:02:40,511 [INFO] Successfully deleted record BK-12-24-037 from database
2024-12-11 00:02:40,511 [INFO] Successfully deleted item from tree
2024-12-11 00:02:40,517 [INFO] Successfully deleted record BK-12-24-036 from database
2024-12-11 00:02:40,517 [INFO] Successfully deleted item from tree
2024-12-11 00:02:40,526 [INFO] Successfully deleted record BK-12-24-035 from database
2024-12-11 00:02:40,526 [INFO] Successfully deleted item from tree
2024-12-11 00:02:40,532 [INFO] Successfully deleted record BK-12-24-034 from database
2024-12-11 00:02:40,532 [INFO] Successfully deleted item from tree
2024-12-11 00:02:40,537 [INFO] Successfully deleted record BK-12-24-033 from database
2024-12-11 00:02:40,537 [INFO] Successfully deleted item from tree
2024-12-11 00:02:40,542 [INFO] Successfully deleted record BK-12-24-032 from database
2024-12-11 00:02:40,542 [INFO] Successfully deleted item from tree
2024-12-11 00:02:40,546 [INFO] Successfully deleted record BK-12-24-031 from database
2024-12-11 00:02:40,546 [INFO] Successfully deleted item from tree
2024-12-11 00:02:40,553 [INFO] Successfully deleted record BK-12-24-030 from database
2024-12-11 00:02:40,553 [INFO] Successfully deleted item from tree
2024-12-11 00:02:40,557 [INFO] Successfully deleted record BK-12-24-029 from database
2024-12-11 00:02:40,558 [INFO] Successfully deleted item from tree
2024-12-11 00:02:40,563 [INFO] Successfully deleted record BK-12-24-028 from database
2024-12-11 00:02:40,563 [INFO] Successfully deleted item from tree
2024-12-11 00:02:40,567 [INFO] Successfully deleted record BK-12-24-027 from database
2024-12-11 00:02:40,567 [INFO] Successfully deleted item from tree
2024-12-11 00:02:40,573 [INFO] Successfully deleted record BK-12-24-026 from database
2024-12-11 00:02:40,573 [INFO] Successfully deleted item from tree
2024-12-11 00:02:40,577 [INFO] Successfully deleted record BK-12-24-025 from database
2024-12-11 00:02:40,577 [INFO] Successfully deleted item from tree
2024-12-11 00:02:40,584 [INFO] Successfully deleted record BK-12-24-024 from database
2024-12-11 00:02:40,584 [INFO] Successfully deleted item from tree
2024-12-11 00:02:40,588 [INFO] Successfully deleted record BK-12-24-023 from database
2024-12-11 00:02:40,588 [INFO] Successfully deleted item from tree
2024-12-11 00:02:40,593 [INFO] Successfully deleted record BK-12-24-022 from database
2024-12-11 00:02:40,593 [INFO] Successfully deleted item from tree
2024-12-11 00:02:40,598 [INFO] Successfully deleted record BK-12-24-021 from database
2024-12-11 00:02:40,598 [INFO] Successfully deleted item from tree
2024-12-11 00:02:40,603 [INFO] Successfully deleted record BK-12-24-020 from database
2024-12-11 00:02:40,603 [INFO] Successfully deleted item from tree
2024-12-11 00:02:40,608 [INFO] Successfully deleted record BK-12-24-019 from database
2024-12-11 00:02:40,608 [INFO] Successfully deleted item from tree
2024-12-11 00:02:40,613 [INFO] Successfully deleted record BK-12-24-018 from database
2024-12-11 00:02:40,613 [INFO] Successfully deleted item from tree
2024-12-11 00:02:40,618 [INFO] Successfully deleted record BK-12-24-017 from database
2024-12-11 00:02:40,618 [INFO] Successfully deleted item from tree
2024-12-11 00:02:40,623 [INFO] Successfully deleted record BK-12-24-016 from database
2024-12-11 00:02:40,623 [INFO] Successfully deleted item from tree
2024-12-11 00:02:40,628 [INFO] Successfully deleted record BK-12-24-015 from database
2024-12-11 00:02:40,628 [INFO] Successfully deleted item from tree
2024-12-11 00:02:40,633 [INFO] Successfully deleted record BK-12-24-014 from database
2024-12-11 00:02:40,633 [INFO] Successfully deleted item from tree
2024-12-11 00:02:40,638 [INFO] Successfully deleted record BK-12-24-013 from database
2024-12-11 00:02:40,638 [INFO] Successfully deleted item from tree
2024-12-11 00:02:40,642 [INFO] Successfully deleted record BK-12-24-012 from database
2024-12-11 00:02:40,642 [INFO] Successfully deleted item from tree
2024-12-11 00:02:40,647 [INFO] Successfully deleted record BK-12-24-011 from database
2024-12-11 00:02:40,647 [INFO] Successfully deleted item from tree
2024-12-11 00:02:40,651 [INFO] Successfully deleted record BK-12-24-010 from database
2024-12-11 00:02:40,651 [INFO] Successfully deleted item from tree
2024-12-11 00:02:40,656 [INFO] Successfully deleted record BK-12-24-009 from database
2024-12-11 00:02:40,656 [INFO] Successfully deleted item from tree
2024-12-11 00:02:40,660 [INFO] Successfully deleted record BK-12-24-008 from database
2024-12-11 00:02:40,660 [INFO] Successfully deleted item from tree
2024-12-11 00:02:40,665 [INFO] Successfully deleted record BK-12-24-007 from database
2024-12-11 00:02:40,665 [INFO] Successfully deleted item from tree
2024-12-11 00:02:40,669 [INFO] Successfully deleted record BK-12-24-006 from database
2024-12-11 00:02:40,669 [INFO] Successfully deleted item from tree
2024-12-11 00:02:40,673 [INFO] Successfully deleted record BK-12-24-005 from database
2024-12-11 00:02:40,673 [INFO] Successfully deleted item from tree
2024-12-11 00:02:40,678 [INFO] Successfully deleted record BK-12-24-004 from database
2024-12-11 00:02:40,678 [INFO] Successfully deleted item from tree
2024-12-11 00:02:40,684 [INFO] Successfully deleted record BK-12-24-003 from database
2024-12-11 00:02:40,684 [INFO] Successfully deleted item from tree
2024-12-11 00:02:40,688 [INFO] Successfully deleted record BK-12-24-002 from database
2024-12-11 00:02:40,688 [INFO] Successfully deleted item from tree
2024-12-11 00:02:40,693 [INFO] Successfully deleted record BK-12-24-001 from database
2024-12-11 00:02:40,693 [INFO] Successfully deleted item from tree
2024-12-11 00:02:51,216 [INFO] Data imported and saved to the database successfully
2024-12-11 00:05:31,176 [INFO] Successfully deleted record BK-12-24-062 from database
2024-12-11 00:05:31,176 [INFO] Successfully deleted item from tree
2024-12-11 00:05:31,180 [INFO] Successfully deleted record BK-12-24-061 from database
2024-12-11 00:05:31,180 [INFO] Successfully deleted item from tree
2024-12-11 00:05:31,185 [INFO] Successfully deleted record BK-12-24-060 from database
2024-12-11 00:05:31,186 [INFO] Successfully deleted item from tree
2024-12-11 00:05:31,190 [INFO] Successfully deleted record BK-12-24-059 from database
2024-12-11 00:05:31,190 [INFO] Successfully deleted item from tree
2024-12-11 00:05:31,195 [INFO] Successfully deleted record BK-12-24-058 from database
2024-12-11 00:05:31,195 [INFO] Successfully deleted item from tree
2024-12-11 00:05:31,201 [INFO] Successfully deleted record BK-12-24-057 from database
2024-12-11 00:05:31,201 [INFO] Successfully deleted item from tree
2024-12-11 00:05:31,207 [INFO] Successfully deleted record BK-12-24-056 from database
2024-12-11 00:05:31,207 [INFO] Successfully deleted item from tree
2024-12-11 00:05:31,211 [INFO] Successfully deleted record BK-12-24-055 from database
2024-12-11 00:05:31,211 [INFO] Successfully deleted item from tree
2024-12-11 00:05:31,217 [INFO] Successfully deleted record BK-12-24-054 from database
2024-12-11 00:05:31,217 [INFO] Successfully deleted item from tree
2024-12-11 00:05:31,222 [INFO] Successfully deleted record BK-12-24-053 from database
2024-12-11 00:05:31,222 [INFO] Successfully deleted item from tree
2024-12-11 00:05:31,227 [INFO] Successfully deleted record BK-12-24-052 from database
2024-12-11 00:05:31,227 [INFO] Successfully deleted item from tree
2024-12-11 00:05:31,232 [INFO] Successfully deleted record BK-12-24-050 from database
2024-12-11 00:05:31,232 [INFO] Successfully deleted item from tree
2024-12-11 00:05:31,238 [INFO] Successfully deleted record BK-12-24-049 from database
2024-12-11 00:05:31,238 [INFO] Successfully deleted item from tree
2024-12-11 00:05:31,242 [INFO] Successfully deleted record BK-12-24-047 from database
2024-12-11 00:05:31,242 [INFO] Successfully deleted item from tree
2024-12-11 00:05:31,247 [INFO] Successfully deleted record BK-12-24-046 from database
2024-12-11 00:05:31,247 [INFO] Successfully deleted item from tree
2024-12-11 00:05:31,252 [INFO] Successfully deleted record BK-12-24-045 from database
2024-12-11 00:05:31,252 [INFO] Successfully deleted item from tree
2024-12-11 00:05:31,257 [INFO] Successfully deleted record BK-12-24-044 from database
2024-12-11 00:05:31,258 [INFO] Successfully deleted item from tree
2024-12-11 00:05:31,262 [INFO] Successfully deleted record BK-12-24-043 from database
2024-12-11 00:05:31,262 [INFO] Successfully deleted item from tree
2024-12-11 00:05:31,267 [INFO] Successfully deleted record BK-12-24-042 from database
2024-12-11 00:05:31,267 [INFO] Successfully deleted item from tree
2024-12-11 00:05:31,273 [INFO] Successfully deleted record BK-12-24-041 from database
2024-12-11 00:05:31,273 [INFO] Successfully deleted item from tree
2024-12-11 00:05:31,277 [INFO] Successfully deleted record BK-12-24-040 from database
2024-12-11 00:05:31,277 [INFO] Successfully deleted item from tree
2024-12-11 00:05:31,282 [INFO] Successfully deleted record BK-12-24-039 from database
2024-12-11 00:05:31,283 [INFO] Successfully deleted item from tree
2024-12-11 00:05:31,288 [INFO] Successfully deleted record BK-12-24-038 from database
2024-12-11 00:05:31,288 [INFO] Successfully deleted item from tree
2024-12-11 00:05:31,292 [INFO] Successfully deleted record BK-12-24-037 from database
2024-12-11 00:05:31,292 [INFO] Successfully deleted item from tree
2024-12-11 00:05:31,297 [INFO] Successfully deleted record BK-12-24-036 from database
2024-12-11 00:05:31,297 [INFO] Successfully deleted item from tree
2024-12-11 00:05:31,302 [INFO] Successfully deleted record BK-12-24-035 from database
2024-12-11 00:05:31,302 [INFO] Successfully deleted item from tree
2024-12-11 00:05:31,307 [INFO] Successfully deleted record BK-12-24-034 from database
2024-12-11 00:05:31,307 [INFO] Successfully deleted item from tree
2024-12-11 00:05:31,317 [INFO] Successfully deleted record BK-12-24-033 from database
2024-12-11 00:05:31,317 [INFO] Successfully deleted item from tree
2024-12-11 00:05:31,321 [INFO] Successfully deleted record BK-12-24-032 from database
2024-12-11 00:05:31,321 [INFO] Successfully deleted item from tree
2024-12-11 00:05:31,327 [INFO] Successfully deleted record BK-12-24-031 from database
2024-12-11 00:05:31,327 [INFO] Successfully deleted item from tree
2024-12-11 00:05:31,332 [INFO] Successfully deleted record BK-12-24-030 from database
2024-12-11 00:05:31,332 [INFO] Successfully deleted item from tree
2024-12-11 00:05:31,336 [INFO] Successfully deleted record BK-12-24-028 from database
2024-12-11 00:05:31,336 [INFO] Successfully deleted item from tree
2024-12-11 00:05:31,342 [INFO] Successfully deleted record BK-12-24-026 from database
2024-12-11 00:05:31,342 [INFO] Successfully deleted item from tree
2024-12-11 00:05:31,347 [INFO] Successfully deleted record BK-12-24-025 from database
2024-12-11 00:05:31,347 [INFO] Successfully deleted item from tree
2024-12-11 00:05:31,352 [INFO] Successfully deleted record BK-12-24-023 from database
2024-12-11 00:05:31,352 [INFO] Successfully deleted item from tree
2024-12-11 00:05:31,356 [INFO] Successfully deleted record BK-12-24-022 from database
2024-12-11 00:05:31,356 [INFO] Successfully deleted item from tree
2024-12-11 00:05:31,360 [INFO] Successfully deleted record BK-12-24-021 from database
2024-12-11 00:05:31,360 [INFO] Successfully deleted item from tree
2024-12-11 00:05:31,387 [INFO] Successfully deleted record BK-12-24-020 from database
2024-12-11 00:05:31,387 [INFO] Successfully deleted item from tree
2024-12-11 00:05:31,391 [INFO] Successfully deleted record BK-12-24-019 from database
2024-12-11 00:05:31,391 [INFO] Successfully deleted item from tree
2024-12-11 00:05:31,395 [INFO] Successfully deleted record BK-12-24-018 from database
2024-12-11 00:05:31,395 [INFO] Successfully deleted item from tree
2024-12-11 00:05:31,402 [INFO] Successfully deleted record BK-12-24-017 from database
2024-12-11 00:05:31,402 [INFO] Successfully deleted item from tree
2024-12-11 00:05:31,407 [INFO] Successfully deleted record BK-12-24-016 from database
2024-12-11 00:05:31,407 [INFO] Successfully deleted item from tree
2024-12-11 00:05:31,412 [INFO] Successfully deleted record BK-12-24-015 from database
2024-12-11 00:05:31,412 [INFO] Successfully deleted item from tree
2024-12-11 00:05:31,416 [INFO] Successfully deleted record BK-12-24-014 from database
2024-12-11 00:05:31,416 [INFO] Successfully deleted item from tree
2024-12-11 00:05:31,421 [INFO] Successfully deleted record BK-12-24-013 from database
2024-12-11 00:05:31,421 [INFO] Successfully deleted item from tree
2024-12-11 00:05:31,427 [INFO] Successfully deleted record BK-12-24-011 from database
2024-12-11 00:05:31,427 [INFO] Successfully deleted item from tree
2024-12-11 00:05:31,431 [INFO] Successfully deleted record BK-12-24-009 from database
2024-12-11 00:05:31,431 [INFO] Successfully deleted item from tree
2024-12-11 00:05:31,437 [INFO] Successfully deleted record BK-12-24-007 from database
2024-12-11 00:05:31,437 [INFO] Successfully deleted item from tree
2024-12-11 00:05:31,457 [INFO] Successfully deleted record BK-12-24-006 from database
2024-12-11 00:05:31,457 [INFO] Successfully deleted item from tree
2024-12-11 00:05:31,462 [INFO] Successfully deleted record BK-12-24-004 from database
2024-12-11 00:05:31,462 [INFO] Successfully deleted item from tree
2024-12-11 00:05:31,466 [INFO] Successfully deleted record BK-12-24-003 from database
2024-12-11 00:05:31,468 [INFO] Successfully deleted item from tree
2024-12-11 00:05:31,473 [INFO] Successfully deleted record BK-12-24-002 from database
2024-12-11 00:05:31,473 [INFO] Successfully deleted item from tree
2024-12-11 00:05:31,477 [INFO] Successfully deleted record BK-12-24-001 from database
2024-12-11 00:05:31,477 [INFO] Successfully deleted item from tree
2024-12-11 00:05:31,483 [INFO] Successfully deleted record BK-12-24-064 from database
2024-12-11 00:05:31,483 [INFO] Successfully deleted item from tree
2024-12-11 00:05:31,491 [INFO] Successfully deleted record BK-12-24-063 from database
2024-12-11 00:05:31,491 [INFO] Successfully deleted item from tree
2024-12-11 00:05:31,496 [INFO] Successfully deleted record BK-12-24-051 from database
2024-12-11 00:05:31,497 [INFO] Successfully deleted item from tree
2024-12-11 00:05:31,501 [INFO] Successfully deleted record BK-12-24-048 from database
2024-12-11 00:05:31,501 [INFO] Successfully deleted item from tree
2024-12-11 00:05:31,508 [INFO] Successfully deleted record BK-12-24-029 from database
2024-12-11 00:05:31,508 [INFO] Successfully deleted item from tree
2024-12-11 00:05:31,514 [INFO] Successfully deleted record BK-12-24-027 from database
2024-12-11 00:05:31,514 [INFO] Successfully deleted item from tree
2024-12-11 00:05:31,519 [INFO] Successfully deleted record BK-12-24-024 from database
2024-12-11 00:05:31,519 [INFO] Successfully deleted item from tree
2024-12-11 00:05:31,524 [INFO] Successfully deleted record BK-12-24-012 from database
2024-12-11 00:05:31,525 [INFO] Successfully deleted item from tree
2024-12-11 00:05:31,530 [INFO] Successfully deleted record BK-12-24-010 from database
2024-12-11 00:05:31,530 [INFO] Successfully deleted item from tree
2024-12-11 00:05:31,538 [INFO] Successfully deleted record BK-12-24-008 from database
2024-12-11 00:05:31,538 [INFO] Successfully deleted item from tree
2024-12-11 00:05:31,544 [INFO] Successfully deleted record BK-12-24-005 from database
2024-12-11 00:05:31,544 [INFO] Successfully deleted item from tree
2024-12-11 00:05:37,117 [INFO] Data imported and saved to the database successfully
2024-12-11 00:10:09,010 [INFO] Successfully deleted record BK-12-24-043 from database
2024-12-11 00:10:09,010 [INFO] Successfully deleted item from tree
2024-12-11 00:10:09,015 [INFO] Successfully deleted record BK-12-24-042 from database
2024-12-11 00:10:09,015 [INFO] Successfully deleted item from tree
2024-12-11 00:10:09,019 [INFO] Successfully deleted record BK-12-24-041 from database
2024-12-11 00:10:09,019 [INFO] Successfully deleted item from tree
2024-12-11 00:10:09,024 [INFO] Successfully deleted record BK-12-24-040 from database
2024-12-11 00:10:09,024 [INFO] Successfully deleted item from tree
2024-12-11 00:10:09,029 [INFO] Successfully deleted record BK-12-24-039 from database
2024-12-11 00:10:09,029 [INFO] Successfully deleted item from tree
2024-12-11 00:10:09,035 [INFO] Successfully deleted record BK-12-24-038 from database
2024-12-11 00:10:09,035 [INFO] Successfully deleted item from tree
2024-12-11 00:10:09,040 [INFO] Successfully deleted record BK-12-24-037 from database
2024-12-11 00:10:09,041 [INFO] Successfully deleted item from tree
2024-12-11 00:10:09,046 [INFO] Successfully deleted record BK-12-24-036 from database
2024-12-11 00:10:09,046 [INFO] Successfully deleted item from tree
2024-12-11 00:10:09,051 [INFO] Successfully deleted record BK-12-24-035 from database
2024-12-11 00:10:09,051 [INFO] Successfully deleted item from tree
2024-12-11 00:10:09,056 [INFO] Successfully deleted record BK-12-24-034 from database
2024-12-11 00:10:09,056 [INFO] Successfully deleted item from tree
2024-12-11 00:10:09,062 [INFO] Successfully deleted record BK-12-24-033 from database
2024-12-11 00:10:09,062 [INFO] Successfully deleted item from tree
2024-12-11 00:10:09,067 [INFO] Successfully deleted record BK-12-24-032 from database
2024-12-11 00:10:09,067 [INFO] Successfully deleted item from tree
2024-12-11 00:10:09,073 [INFO] Successfully deleted record BK-12-24-031 from database
2024-12-11 00:10:09,073 [INFO] Successfully deleted item from tree
2024-12-11 00:10:09,081 [INFO] Successfully deleted record BK-12-24-030 from database
2024-12-11 00:10:09,081 [INFO] Successfully deleted item from tree
2024-12-11 00:10:09,087 [INFO] Successfully deleted record BK-12-24-029 from database
2024-12-11 00:10:09,087 [INFO] Successfully deleted item from tree
2024-12-11 00:10:09,091 [INFO] Successfully deleted record BK-12-24-028 from database
2024-12-11 00:10:09,091 [INFO] Successfully deleted item from tree
2024-12-11 00:10:09,096 [INFO] Successfully deleted record BK-12-24-027 from database
2024-12-11 00:10:09,096 [INFO] Successfully deleted item from tree
2024-12-11 00:10:09,100 [INFO] Successfully deleted record BK-12-24-026 from database
2024-12-11 00:10:09,102 [INFO] Successfully deleted item from tree
2024-12-11 00:10:09,107 [INFO] Successfully deleted record BK-12-24-025 from database
2024-12-11 00:10:09,107 [INFO] Successfully deleted item from tree
2024-12-11 00:10:09,112 [INFO] Successfully deleted record BK-12-24-024 from database
2024-12-11 00:10:09,112 [INFO] Successfully deleted item from tree
2024-12-11 00:10:09,116 [INFO] Successfully deleted record BK-12-24-023 from database
2024-12-11 00:10:09,116 [INFO] Successfully deleted item from tree
2024-12-11 00:10:09,122 [INFO] Successfully deleted record BK-12-24-022 from database
2024-12-11 00:10:09,122 [INFO] Successfully deleted item from tree
2024-12-11 00:10:09,128 [INFO] Successfully deleted record BK-12-24-021 from database
2024-12-11 00:10:09,128 [INFO] Successfully deleted item from tree
2024-12-11 00:10:09,132 [INFO] Successfully deleted record BK-12-24-020 from database
2024-12-11 00:10:09,132 [INFO] Successfully deleted item from tree
2024-12-11 00:10:09,137 [INFO] Successfully deleted record BK-12-24-019 from database
2024-12-11 00:10:09,137 [INFO] Successfully deleted item from tree
2024-12-11 00:10:09,141 [INFO] Successfully deleted record BK-12-24-018 from database
2024-12-11 00:10:09,142 [INFO] Successfully deleted item from tree
2024-12-11 00:10:09,147 [INFO] Successfully deleted record BK-12-24-017 from database
2024-12-11 00:10:09,147 [INFO] Successfully deleted item from tree
2024-12-11 00:10:09,152 [INFO] Successfully deleted record BK-12-24-016 from database
2024-12-11 00:10:09,152 [INFO] Successfully deleted item from tree
2024-12-11 00:10:09,156 [INFO] Successfully deleted record BK-12-24-015 from database
2024-12-11 00:10:09,156 [INFO] Successfully deleted item from tree
2024-12-11 00:10:09,162 [INFO] Successfully deleted record BK-12-24-014 from database
2024-12-11 00:10:09,162 [INFO] Successfully deleted item from tree
2024-12-11 00:10:09,167 [INFO] Successfully deleted record BK-12-24-013 from database
2024-12-11 00:10:09,167 [INFO] Successfully deleted item from tree
2024-12-11 00:10:09,172 [INFO] Successfully deleted record BK-12-24-012 from database
2024-12-11 00:10:09,172 [INFO] Successfully deleted item from tree
2024-12-11 00:10:09,177 [INFO] Successfully deleted record BK-12-24-011 from database
2024-12-11 00:10:09,177 [INFO] Successfully deleted item from tree
2024-12-11 00:10:09,183 [INFO] Successfully deleted record BK-12-24-010 from database
2024-12-11 00:10:09,183 [INFO] Successfully deleted item from tree
2024-12-11 00:10:09,188 [INFO] Successfully deleted record BK-12-24-009 from database
2024-12-11 00:10:09,188 [INFO] Successfully deleted item from tree
2024-12-11 00:10:09,192 [INFO] Successfully deleted record BK-12-24-008 from database
2024-12-11 00:10:09,192 [INFO] Successfully deleted item from tree
2024-12-11 00:10:09,197 [INFO] Successfully deleted record BK-12-24-007 from database
2024-12-11 00:10:09,198 [INFO] Successfully deleted item from tree
2024-12-11 00:10:09,202 [INFO] Successfully deleted record BK-12-24-006 from database
2024-12-11 00:10:09,202 [INFO] Successfully deleted item from tree
2024-12-11 00:10:09,207 [INFO] Successfully deleted record BK-12-24-005 from database
2024-12-11 00:10:09,207 [INFO] Successfully deleted item from tree
2024-12-11 00:10:09,212 [INFO] Successfully deleted record BK-12-24-004 from database
2024-12-11 00:10:09,212 [INFO] Successfully deleted item from tree
2024-12-11 00:10:09,215 [INFO] Successfully deleted record BK-12-24-003 from database
2024-12-11 00:10:09,215 [INFO] Successfully deleted item from tree
2024-12-11 00:10:09,222 [INFO] Successfully deleted record BK-12-24-002 from database
2024-12-11 00:10:09,222 [INFO] Successfully deleted item from tree
2024-12-11 00:10:09,227 [INFO] Successfully deleted record BK-12-24-001 from database
2024-12-11 00:10:09,227 [INFO] Successfully deleted item from tree
2024-12-11 00:10:09,231 [INFO] Successfully deleted record BK-12-24-062 from database
2024-12-11 00:10:09,231 [INFO] Successfully deleted item from tree
2024-12-11 00:10:09,236 [INFO] Successfully deleted record BK-12-24-061 from database
2024-12-11 00:10:09,236 [INFO] Successfully deleted item from tree
2024-12-11 00:10:09,240 [INFO] Successfully deleted record BK-12-24-060 from database
2024-12-11 00:10:09,241 [INFO] Successfully deleted item from tree
2024-12-11 00:10:09,246 [INFO] Successfully deleted record BK-12-24-059 from database
2024-12-11 00:10:09,246 [INFO] Successfully deleted item from tree
2024-12-11 00:10:09,250 [INFO] Successfully deleted record BK-12-24-058 from database
2024-12-11 00:10:09,250 [INFO] Successfully deleted item from tree
2024-12-11 00:10:09,255 [INFO] Successfully deleted record BK-12-24-057 from database
2024-12-11 00:10:09,255 [INFO] Successfully deleted item from tree
2024-12-11 00:10:09,259 [INFO] Successfully deleted record BK-12-24-064 from database
2024-12-11 00:10:09,259 [INFO] Successfully deleted item from tree
2024-12-11 00:10:09,265 [INFO] Successfully deleted record BK-12-24-063 from database
2024-12-11 00:10:09,265 [INFO] Successfully deleted item from tree
2024-12-11 00:10:09,269 [INFO] Successfully deleted record BK-12-24-056 from database
2024-12-11 00:10:09,269 [INFO] Successfully deleted item from tree
2024-12-11 00:10:09,274 [INFO] Successfully deleted record BK-12-24-055 from database
2024-12-11 00:10:09,274 [INFO] Successfully deleted item from tree
2024-12-11 00:10:09,280 [INFO] Successfully deleted record BK-12-24-054 from database
2024-12-11 00:10:09,280 [INFO] Successfully deleted item from tree
2024-12-11 00:10:09,288 [INFO] Successfully deleted record BK-12-24-053 from database
2024-12-11 00:10:09,288 [INFO] Successfully deleted item from tree
2024-12-11 00:10:09,294 [INFO] Successfully deleted record BK-12-24-052 from database
2024-12-11 00:10:09,294 [INFO] Successfully deleted item from tree
2024-12-11 00:10:09,299 [INFO] Successfully deleted record BK-12-24-051 from database
2024-12-11 00:10:09,299 [INFO] Successfully deleted item from tree
2024-12-11 00:10:09,304 [INFO] Successfully deleted record BK-12-24-050 from database
2024-12-11 00:10:09,305 [INFO] Successfully deleted item from tree
2024-12-11 00:10:09,309 [INFO] Successfully deleted record BK-12-24-049 from database
2024-12-11 00:10:09,309 [INFO] Successfully deleted item from tree
2024-12-11 00:10:09,314 [INFO] Successfully deleted record BK-12-24-048 from database
2024-12-11 00:10:09,314 [INFO] Successfully deleted item from tree
2024-12-11 00:10:09,319 [INFO] Successfully deleted record BK-12-24-047 from database
2024-12-11 00:10:09,319 [INFO] Successfully deleted item from tree
2024-12-11 00:10:09,324 [INFO] Successfully deleted record BK-12-24-046 from database
2024-12-11 00:10:09,325 [INFO] Successfully deleted item from tree
2024-12-11 00:10:09,329 [INFO] Successfully deleted record BK-12-24-045 from database
2024-12-11 00:10:09,329 [INFO] Successfully deleted item from tree
2024-12-11 00:10:09,334 [INFO] Successfully deleted record BK-12-24-044 from database
2024-12-11 00:10:09,334 [INFO] Successfully deleted item from tree
2024-12-11 00:10:14,417 [INFO] Data imported and saved to the database successfully
2024-12-11 00:19:57,755 [INFO] Application closing...
2024-12-11 00:19:57,755 [INFO] Database session closed
2024-12-11 00:19:57,755 [INFO] Application terminated
