2024-12-13 10:59:01,964 - OrderSystem - INFO - Logging system initialized
2024-12-13 10:59:10,724 - OrderSystem - INFO - Initializing database connection in dialog...
2024-12-13 10:59:11,559 - OrderSystem - INFO - Database session created successfully in dialog
2024-12-13 10:59:11,571 - OrderSystem - INFO - Loading orders from database
2024-12-13 10:59:11,747 - OrderSystem - INFO - Found 84 băng keo orders and 9 trục in orders
2024-12-13 10:59:11,751 - OrderSystem - INFO - Orders loaded successfully
2024-12-13 10:59:13,205 - OrderSystem - INFO - Confirming order selection
2024-12-13 10:59:13,205 - OrderSystem - INFO - Selected orders: ['BK-12-24-072', 'BK-12-24-069']
2024-12-13 10:59:13,205 - OrderSystem - INFO - Initializing database connection for preview
2024-12-13 10:59:14,297 - OrderSystem - INFO - Showing preview dialog
2024-12-13 11:01:14,026 - OrderSystem - INFO - Order form generation completed
2024-12-13 11:01:17,442 - OrderSystem - INFO - Confirming order selection
2024-12-13 11:01:17,442 - OrderSystem - INFO - Selected orders: ['BK-12-24-084']
2024-12-13 11:01:17,442 - OrderSystem - INFO - Initializing database connection for preview
2024-12-13 11:01:19,650 - OrderSystem - INFO - Showing preview dialog
2024-12-13 11:01:21,054 - OrderSystem - INFO - Opening save file dialog
2024-12-13 11:01:24,289 - OrderSystem - INFO - Generating PDF at C:/Users/USER/Documents/Zalo Received Files/don_dat_hang.pdf
2024-12-13 11:01:34,818 - OrderSystem - INFO - PDF generated successfully
2024-12-13 11:01:34,819 - OrderSystem - INFO - Order form generation completed
2024-12-13 11:01:54,506 - OrderSystem - INFO - Confirming order selection
2024-12-13 11:01:54,507 - OrderSystem - INFO - Selected orders: ['BK-12-24-084']
2024-12-13 11:01:54,507 - OrderSystem - INFO - Initializing database connection for preview
2024-12-13 11:01:55,601 - OrderSystem - INFO - Showing preview dialog
2024-12-13 11:01:57,427 - OrderSystem - INFO - Opening save file dialog
2024-12-13 11:02:49,039 - OrderSystem - INFO - Order form generation completed
2024-12-13 11:02:51,197 - OrderSystem - INFO - Canceling order selection
