2024-12-13 23:38:03,552 - OrderSystem - INFO - Logging system initialized
2024-12-13 23:38:06,672 - OrderSystem - INFO - Initializing OrderSelectionDialog
2024-12-13 23:38:06,672 - OrderSystem - INFO - Initializing database connection in dialog...
2024-12-13 23:38:07,180 - OrderSystem - INFO - Database session created successfully in dialog
2024-12-13 23:38:07,187 - OrderSystem - INFO - Loading orders from database
2024-12-13 23:38:07,329 - OrderSystem - INFO - Found 89 băng keo orders and 11 trục in orders
2024-12-13 23:38:07,331 - OrderSystem - INFO - Orders loaded successfully
2024-12-13 23:38:07,348 - OrderSystem - INFO - OrderSelectionDialog initialized successfully
2024-12-13 23:38:08,720 - OrderSystem - INFO - Confirming order selection
2024-12-13 23:38:08,720 - OrderSystem - INFO - Selected orders: ['BK-12-24-089']
2024-12-13 23:38:08,720 - OrderSystem - INFO - Initializing database connection for preview
2024-12-13 23:38:09,682 - OrderSystem - INFO - Showing preview dialog
2024-12-13 23:38:19,243 - OrderSystem - INFO - Generating PDF
2024-12-13 23:38:24,686 - OrderSystem - INFO - PDF generated successfully
2024-12-13 23:38:24,745 - OrderSystem - INFO - Order form generation completed
2024-12-13 23:38:39,627 - OrderSystem - INFO - Initializing OrderSelectionDialog
2024-12-13 23:38:39,627 - OrderSystem - INFO - Initializing database connection in dialog...
2024-12-13 23:38:40,143 - OrderSystem - INFO - Database session created successfully in dialog
2024-12-13 23:38:40,151 - OrderSystem - INFO - Loading orders from database
2024-12-13 23:38:40,286 - OrderSystem - INFO - Found 89 băng keo orders and 11 trục in orders
2024-12-13 23:38:40,287 - OrderSystem - INFO - Orders loaded successfully
2024-12-13 23:38:40,294 - OrderSystem - INFO - OrderSelectionDialog initialized successfully
2024-12-13 23:38:47,525 - OrderSystem - INFO - Confirming order selection
2024-12-13 23:38:47,525 - OrderSystem - INFO - Selected orders: ['BK-12-24-082']
2024-12-13 23:38:47,525 - OrderSystem - INFO - Initializing database connection for preview
2024-12-13 23:38:48,137 - OrderSystem - INFO - Showing preview dialog
2024-12-13 23:38:56,389 - OrderSystem - INFO - Generating PDF
2024-12-13 23:38:58,017 - OrderSystem - INFO - PDF generated successfully
2024-12-13 23:38:58,073 - OrderSystem - INFO - Order form generation completed
2024-12-13 23:42:11,583 - OrderSystem - INFO - Initializing OrderSelectionDialog
2024-12-13 23:42:11,583 - OrderSystem - INFO - Initializing database connection in dialog...
2024-12-13 23:42:12,265 - OrderSystem - INFO - Database session created successfully in dialog
2024-12-13 23:42:12,271 - OrderSystem - INFO - Loading orders from database
2024-12-13 23:42:12,465 - OrderSystem - INFO - Found 89 băng keo orders and 11 trục in orders
2024-12-13 23:42:12,467 - OrderSystem - INFO - Orders loaded successfully
2024-12-13 23:42:12,474 - OrderSystem - INFO - OrderSelectionDialog initialized successfully
2024-12-13 23:42:14,051 - OrderSystem - INFO - Confirming order selection
2024-12-13 23:42:14,051 - OrderSystem - INFO - Selected orders: ['BK-12-24-071']
2024-12-13 23:42:14,051 - OrderSystem - INFO - Initializing database connection for preview
2024-12-13 23:42:14,686 - OrderSystem - INFO - Showing preview dialog
2024-12-13 23:42:17,226 - OrderSystem - INFO - Order form generation completed
2024-12-13 23:42:18,061 - OrderSystem - INFO - Canceling order selection
