2024-12-16 17:19:31,190 [INFO] Connecting to database...
2024-12-16 17:20:21,856 [INFO] Successfully connected to database
2024-12-16 17:20:23,817 [INFO] Starting to load data in statistics tab...
2024-12-16 17:20:25,796 [INFO] Data loading completed successfully
2024-12-16 17:20:36,613 [INFO] Starting main loop
2024-12-16 17:20:36,615 [INFO] Statistics tab selected, loading data...
2024-12-16 17:20:36,615 [INFO] Refreshing statistics tab data...
2024-12-16 17:20:36,615 [INFO] Starting to load data in statistics tab...
2024-12-16 17:20:41,168 [INFO] Data loading completed successfully
2024-12-16 17:20:41,176 [INFO] Statistics tab data refreshed successfully
2024-12-16 17:22:00,068 [INFO] Starting to load data in statistics tab...
2024-12-16 17:22:03,677 [INFO] Data loading completed successfully
2024-12-16 17:22:49,102 [INFO] Starting to load data in statistics tab...
2024-12-16 17:22:49,358 [INFO] Data loading completed successfully
2024-12-16 17:23:09,595 [INFO] Application closing...
2024-12-16 17:23:09,715 [INFO] Database connections closed
2024-12-16 17:23:37,459 [INFO] Connecting to database...
2024-12-16 17:23:38,578 [INFO] Successfully connected to database
2024-12-16 17:23:39,987 [INFO] Starting to load data in statistics tab...
2024-12-16 17:23:40,618 [INFO] Data loading completed successfully
2024-12-16 17:23:41,987 [INFO] Starting main loop
2024-12-16 17:23:41,997 [INFO] Statistics tab selected, loading data...
2024-12-16 17:23:41,997 [INFO] Refreshing statistics tab data...
2024-12-16 17:23:41,997 [INFO] Starting to load data in statistics tab...
2024-12-16 17:23:42,448 [INFO] Data loading completed successfully
2024-12-16 17:23:42,449 [INFO] Statistics tab data refreshed successfully
2024-12-16 17:24:24,845 [INFO] Application closing...
2024-12-16 17:24:24,846 [INFO] Database connections closed
2024-12-16 17:24:29,668 [INFO] Connecting to database...
2024-12-16 17:24:31,752 [INFO] Successfully connected to database
2024-12-16 17:24:33,188 [INFO] Starting to load data in statistics tab...
2024-12-16 17:24:33,537 [INFO] Data loading completed successfully
2024-12-16 17:24:34,299 [INFO] Starting main loop
2024-12-16 17:24:34,300 [INFO] Statistics tab selected, loading data...
2024-12-16 17:24:34,300 [INFO] Refreshing statistics tab data...
2024-12-16 17:24:34,300 [INFO] Starting to load data in statistics tab...
2024-12-16 17:24:34,489 [INFO] Data loading completed successfully
2024-12-16 17:24:34,489 [INFO] Statistics tab data refreshed successfully
2024-12-16 17:24:39,830 [INFO] Application closing...
2024-12-16 17:24:39,834 [INFO] Database connections closed
2024-12-16 17:24:58,681 [INFO] Connecting to database...
2024-12-16 17:25:00,250 [INFO] Successfully connected to database
2024-12-16 17:25:01,604 [INFO] Starting to load data in statistics tab...
2024-12-16 17:25:02,109 [INFO] Data loading completed successfully
2024-12-16 17:25:03,405 [INFO] Starting main loop
2024-12-16 17:25:03,405 [INFO] Statistics tab selected, loading data...
2024-12-16 17:25:03,405 [INFO] Refreshing statistics tab data...
2024-12-16 17:25:03,405 [INFO] Starting to load data in statistics tab...
2024-12-16 17:25:03,633 [INFO] Data loading completed successfully
2024-12-16 17:25:03,633 [INFO] Statistics tab data refreshed successfully
2024-12-16 17:26:10,385 [INFO] Application closing...
2024-12-16 17:26:10,385 [INFO] Database connections closed
2024-12-16 17:26:13,149 [INFO] Application closing...
2024-12-16 17:26:13,149 [INFO] Database connections closed
2024-12-16 17:26:20,896 [INFO] Application closing...
2024-12-16 17:26:20,896 [INFO] Database connections closed
2024-12-16 17:26:21,204 [INFO] Application closing...
2024-12-16 17:26:21,205 [INFO] Database connections closed
2024-12-16 17:26:24,476 [INFO] Application closing...
2024-12-16 17:26:24,476 [INFO] Database connections closed
2024-12-16 17:26:37,576 [INFO] Application closing...
2024-12-16 17:26:37,577 [INFO] Database connections closed
2024-12-16 17:26:46,539 [INFO] Connecting to database...
2024-12-16 17:26:48,905 [INFO] Successfully connected to database
2024-12-16 17:26:50,266 [INFO] Starting to load data in statistics tab...
2024-12-16 17:26:50,906 [INFO] Data loading completed successfully
2024-12-16 17:26:52,062 [INFO] Starting main loop
2024-12-16 17:26:52,063 [INFO] Statistics tab selected, loading data...
2024-12-16 17:26:52,063 [INFO] Refreshing statistics tab data...
2024-12-16 17:26:52,063 [INFO] Starting to load data in statistics tab...
2024-12-16 17:26:52,540 [INFO] Data loading completed successfully
2024-12-16 17:26:52,540 [INFO] Statistics tab data refreshed successfully
2024-12-16 17:26:57,874 [ERROR] Error opening export dialog: get_session() takes 0 positional arguments but 1 was given
Traceback (most recent call last):
  File "e:\OneDrive\Desktop\Tape-inventory-Management\src\ui\tabs\thong_ke_tab.py", line 710, in open_order_export
    export_dialog = OrderSelectionDialog(parent=self.parent_form.root)
  File "e:\OneDrive\Desktop\Tape-inventory-Management\src\services\report_gen.py", line 334, in __init__
    self.session = get_session(self.engine)
TypeError: get_session() takes 0 positional arguments but 1 was given

2024-12-16 17:28:06,419 [INFO] Application closing...
2024-12-16 17:28:06,419 [INFO] Database connections closed
2024-12-16 17:28:17,378 [INFO] Connecting to database...
2024-12-16 17:28:18,563 [INFO] Successfully connected to database
2024-12-16 17:28:20,883 [INFO] Starting to load data in statistics tab...
2024-12-16 17:28:21,255 [INFO] Data loading completed successfully
2024-12-16 17:28:22,640 [INFO] Starting main loop
2024-12-16 17:28:22,641 [INFO] Statistics tab selected, loading data...
2024-12-16 17:28:22,641 [INFO] Refreshing statistics tab data...
2024-12-16 17:28:22,641 [INFO] Starting to load data in statistics tab...
2024-12-16 17:28:22,850 [INFO] Data loading completed successfully
2024-12-16 17:28:22,850 [INFO] Statistics tab data refreshed successfully
2024-12-16 17:28:40,991 [ERROR] Error opening export dialog: get_session() takes 0 positional arguments but 1 was given
Traceback (most recent call last):
  File "e:\OneDrive\Desktop\Tape-inventory-Management\src\ui\tabs\thong_ke_tab.py", line 712, in open_order_export
    export_dialog = OrderSelectionDialog(parent=self.parent_form.root)
  File "e:\OneDrive\Desktop\Tape-inventory-Management\src\services\report_gen.py", line 334, in __init__
    self.session = get_session(self.engine)
TypeError: get_session() takes 0 positional arguments but 1 was given

2024-12-16 17:28:57,099 [INFO] Application closing...
2024-12-16 17:28:57,100 [INFO] Database connections closed
2024-12-16 17:29:51,933 [INFO] Connecting to database...
2024-12-16 17:29:53,652 [INFO] Successfully connected to database
2024-12-16 17:29:56,391 [INFO] Starting to load data in statistics tab...
2024-12-16 17:29:57,176 [INFO] Data loading completed successfully
2024-12-16 17:29:58,780 [INFO] Starting main loop
2024-12-16 17:29:58,781 [INFO] Statistics tab selected, loading data...
2024-12-16 17:29:58,781 [INFO] Refreshing statistics tab data...
2024-12-16 17:29:58,781 [INFO] Starting to load data in statistics tab...
2024-12-16 17:29:59,327 [INFO] Data loading completed successfully
2024-12-16 17:29:59,328 [INFO] Statistics tab data refreshed successfully
2024-12-16 17:30:01,993 [ERROR] Error opening export dialog: get_session() takes 0 positional arguments but 1 was given
Traceback (most recent call last):
  File "e:\OneDrive\Desktop\Tape-inventory-Management\src\ui\tabs\thong_ke_tab.py", line 712, in open_order_export
    export_dialog = OrderSelectionDialog(parent=self.parent_form.root)
  File "e:\OneDrive\Desktop\Tape-inventory-Management\src\services\report_gen.py", line 334, in __init__
    self.session = get_session(self.engine)
TypeError: get_session() takes 0 positional arguments but 1 was given

2024-12-16 17:30:54,985 [INFO] Application closing...
2024-12-16 17:30:54,985 [INFO] Database connections closed
2024-12-16 17:30:58,845 [INFO] Application closing...
2024-12-16 17:30:58,845 [INFO] Database connections closed
2024-12-16 17:31:27,062 [INFO] Application closing...
2024-12-16 17:31:27,063 [INFO] Database connections closed
2024-12-16 17:32:12,167 [INFO] Connecting to database...
2024-12-16 17:32:13,263 [INFO] Successfully connected to database
2024-12-16 17:32:14,770 [INFO] Starting to load data in statistics tab...
2024-12-16 17:32:15,111 [INFO] Data loading completed successfully
2024-12-16 17:32:15,868 [INFO] Starting main loop
2024-12-16 17:32:15,868 [INFO] Statistics tab selected, loading data...
2024-12-16 17:32:15,868 [INFO] Refreshing statistics tab data...
2024-12-16 17:32:15,869 [INFO] Starting to load data in statistics tab...
2024-12-16 17:32:16,057 [INFO] Data loading completed successfully
2024-12-16 17:32:16,057 [INFO] Statistics tab data refreshed successfully
2024-12-16 17:32:20,633 [ERROR] Error opening export dialog: get_session() takes 0 positional arguments but 1 was given
Traceback (most recent call last):
  File "e:\OneDrive\Desktop\Tape-inventory-Management\src\ui\tabs\thong_ke_tab.py", line 712, in open_order_export
    export_dialog = OrderSelectionDialog(parent=self.parent_form.root)
  File "e:\OneDrive\Desktop\Tape-inventory-Management\src\services\report_gen.py", line 335, in __init__
    self.session = get_session(self.engine)
TypeError: get_session() takes 0 positional arguments but 1 was given

2024-12-16 17:32:25,863 [INFO] Application closing...
2024-12-16 17:32:25,868 [INFO] Database connections closed
