2024-12-12 22:37:10,777 - OrderSystem - INFO - Logging system initialized
2024-12-12 22:37:10,780 - OrderSystem - INFO - Starting generate_order_form
2024-12-12 22:37:10,780 - OrderSystem - INFO - Initializing OrderSelectionDialog
2024-12-12 22:37:10,836 - OrderSystem - INFO - Initializing database connection in dialog...
2024-12-12 22:37:11,468 - OrderSystem - INFO - Database session created successfully in dialog
2024-12-12 22:37:11,474 - OrderSystem - INFO - Loading orders from database
2024-12-12 22:37:11,583 - OrderSystem - INFO - Found 81 băng keo orders and 0 trục in orders
2024-12-12 22:37:11,597 - OrderSystem - INFO - Orders loaded successfully
2024-12-12 22:37:11,619 - OrderSystem - INFO - OrderSelectionDialog initialized successfully
2024-12-12 22:37:15,002 - OrderSystem - INFO - Confirming order selection
2024-12-12 22:37:15,002 - OrderSystem - INFO - Selected orders: ['BK-12-24-063', 'BK-12-24-057', 'BK-12-24-049', 'BK-12-24-043']
2024-12-12 22:37:15,002 - OrderSystem - INFO - Initializing database connection for preview
2024-12-12 22:37:15,812 - OrderSystem - INFO - Showing preview dialog
2024-12-12 22:37:36,763 - OrderSystem - INFO - Generating PDF
2024-12-12 22:37:36,768 - OrderSystem - ERROR - Error processing orders: [Errno 13] Permission denied: 'order.pdf'
Traceback (most recent call last):
  File "c:\Users\PC\Documents\scr\report_gen.py", line 539, in process_selected_orders
    create_order_pdf('order.pdf', preview.result)
  File "c:\Users\PC\Documents\scr\report_gen.py", line 288, in create_order_pdf
    doc.build(story)
  File "C:\Users\PC\AppData\Local\Packages\PythonSoftwareFoundation.Python.3.11_qbz5n2kfra8p0\LocalCache\local-packages\Python311\site-packages\reportlab\platypus\doctemplate.py", line 1317, in build
    BaseDocTemplate.build(self,flowables, canvasmaker=canvasmaker)
  File "C:\Users\PC\AppData\Local\Packages\PythonSoftwareFoundation.Python.3.11_qbz5n2kfra8p0\LocalCache\local-packages\Python311\site-packages\reportlab\platypus\doctemplate.py", line 1108, in build
    self._endBuild()
  File "C:\Users\PC\AppData\Local\Packages\PythonSoftwareFoundation.Python.3.11_qbz5n2kfra8p0\LocalCache\local-packages\Python311\site-packages\reportlab\platypus\doctemplate.py", line 1043, in _endBuild
    if getattr(self,'_doSave',1): self.canv.save()
                                  ^^^^^^^^^^^^^^^^
  File "C:\Users\PC\AppData\Local\Packages\PythonSoftwareFoundation.Python.3.11_qbz5n2kfra8p0\LocalCache\local-packages\Python311\site-packages\reportlab\pdfgen\canvas.py", line 1286, in save
    self._doc.SaveToFile(self._filename, self)
  File "C:\Users\PC\AppData\Local\Packages\PythonSoftwareFoundation.Python.3.11_qbz5n2kfra8p0\LocalCache\local-packages\Python311\site-packages\reportlab\pdfbase\pdfdoc.py", line 208, in SaveToFile
    f = open(filename, "wb")
        ^^^^^^^^^^^^^^^^^^^^
PermissionError: [Errno 13] Permission denied: 'order.pdf'
2024-12-12 22:37:50,852 - OrderSystem - INFO - Confirming order selection
2024-12-12 22:37:50,852 - OrderSystem - INFO - Selected orders: ['BK-12-24-063', 'BK-12-24-057', 'BK-12-24-056', 'BK-12-24-053', 'BK-12-24-049', 'BK-12-24-043']
2024-12-12 22:37:50,852 - OrderSystem - INFO - Initializing database connection for preview
2024-12-12 22:37:51,659 - OrderSystem - INFO - Showing preview dialog
2024-12-12 22:39:29,069 - OrderSystem - INFO - Order form generation completed
2024-12-12 22:39:29,830 - OrderSystem - INFO - Canceling order selection
