2024-12-12 22:58:10,979 - OrderSystem - INFO - Logging system initialized
2024-12-12 22:58:10,984 - OrderSystem - INFO - Starting generate_order_form
2024-12-12 22:58:10,984 - OrderSystem - INFO - Initializing OrderSelectionDialog
2024-12-12 22:58:11,032 - OrderSystem - INFO - Initializing database connection in dialog...
2024-12-12 22:58:11,667 - OrderSystem - INFO - Database session created successfully in dialog
2024-12-12 22:58:11,675 - OrderSystem - INFO - Loading orders from database
2024-12-12 22:58:11,788 - OrderSystem - INFO - Found 80 băng keo orders and 0 trục in orders
2024-12-12 22:58:11,802 - OrderSystem - INFO - Orders loaded successfully
2024-12-12 22:58:11,820 - OrderSystem - INFO - OrderSelectionDialog initialized successfully
2024-12-12 22:58:13,434 - OrderSystem - INFO - Loading orders from database
2024-12-12 22:58:13,518 - OrderSystem - INFO - Found 80 băng keo orders and 0 trục in orders
2024-12-12 22:58:13,518 - OrderSystem - INFO - Orders loaded successfully
2024-12-12 22:58:14,363 - OrderSystem - INFO - Loading orders from database
2024-12-12 22:58:14,448 - OrderSystem - INFO - Found 80 băng keo orders and 0 trục in orders
2024-12-12 22:58:14,448 - OrderSystem - INFO - Orders loaded successfully
2024-12-12 22:58:15,646 - OrderSystem - INFO - Loading orders from database
2024-12-12 22:58:15,726 - OrderSystem - INFO - Found 80 băng keo orders and 0 trục in orders
2024-12-12 22:58:15,726 - OrderSystem - INFO - Orders loaded successfully
2024-12-12 22:58:15,874 - OrderSystem - INFO - Loading orders from database
2024-12-12 22:58:15,967 - OrderSystem - INFO - Found 80 băng keo orders and 0 trục in orders
2024-12-12 22:58:15,968 - OrderSystem - INFO - Orders loaded successfully
2024-12-12 22:58:16,927 - OrderSystem - INFO - Loading orders from database
2024-12-12 22:58:17,004 - OrderSystem - INFO - Found 80 băng keo orders and 0 trục in orders
2024-12-12 22:58:17,005 - OrderSystem - INFO - Orders loaded successfully
2024-12-12 22:58:19,081 - OrderSystem - INFO - Canceling order selection
