2024-12-13 11:28:02,564 - OrderSystem - INFO - Logging system initialized
2024-12-13 11:28:40,676 - OrderSystem - INFO - Initializing database connection in dialog...
2024-12-13 11:28:41,657 - OrderSystem - INFO - Database session created successfully in dialog
2024-12-13 11:28:41,666 - OrderSystem - INFO - Loading orders from database
2024-12-13 11:28:41,856 - OrderSystem - INFO - Found 84 băng keo orders and 9 trục in orders
2024-12-13 11:28:41,857 - OrderSystem - INFO - Orders loaded successfully
2024-12-13 11:28:45,564 - OrderSystem - INFO - Confirming order selection
2024-12-13 11:28:45,565 - OrderSystem - INFO - Selected orders: ['BK-12-24-081', 'BK-12-24-074']
2024-12-13 11:28:45,565 - OrderSystem - INFO - Initializing database connection for preview
2024-12-13 11:28:46,787 - OrderSystem - INFO - Showing preview dialog
2024-12-13 11:28:55,326 - OrderSystem - INFO - Opening save file dialog
2024-12-13 11:28:58,429 - OrderSystem - INFO - Generating PDF at C:/Users/USER/Documents/Zalo Received Files/don_dat_hang.pdf
2024-12-13 11:29:04,355 - OrderSystem - INFO - Initializing database connection in dialog...
2024-12-13 11:29:05,261 - OrderSystem - INFO - Database session created successfully in dialog
2024-12-13 11:29:05,278 - OrderSystem - INFO - Loading orders from database
2024-12-13 11:29:05,487 - OrderSystem - INFO - Found 84 băng keo orders and 9 trục in orders
2024-12-13 11:29:05,498 - OrderSystem - INFO - Orders loaded successfully
2024-12-13 11:29:07,706 - OrderSystem - INFO - Confirming order selection
2024-12-13 11:29:07,706 - OrderSystem - INFO - Selected orders: ['BK-12-24-082', 'BK-12-24-075']
2024-12-13 11:29:07,706 - OrderSystem - INFO - Initializing database connection for preview
2024-12-13 11:29:08,788 - OrderSystem - INFO - Showing preview dialog
2024-12-13 11:29:51,619 - OrderSystem - INFO - Order form generation completed
2024-12-13 11:29:52,604 - OrderSystem - INFO - Canceling order selection
