2025-02-13 17:07:53,798 [INFO] Logging system initialized
2025-02-13 17:07:53,799 [INFO] Initializing database connection...
2025-02-13 17:07:54,923 [INFO] Database connection established successfully
2025-02-13 17:08:04,756 [INFO] GUI initialized successfully
2025-02-13 17:08:17,078 [INFO] Application shutdown initiated
2025-02-13 17:08:17,116 [INFO] Database session closed
2025-02-13 17:08:17,116 [INFO] Application terminated
2025-02-13 17:12:44,499 [INFO] Logging system initialized
2025-02-13 17:12:44,499 [INFO] Initializing database connection...
2025-02-13 17:12:45,458 [INFO] Database connection established successfully
2025-02-13 17:12:49,281 [INFO] GUI initialized successfully
2025-02-13 17:12:55,245 [INFO] Application shutdown initiated
2025-02-13 17:12:55,282 [INFO] Database session closed
2025-02-13 17:12:55,282 [INFO] Application terminated
2025-02-13 17:12:58,795 [INFO] Logging system initialized
2025-02-13 17:12:58,795 [INFO] Initializing database connection...
2025-02-13 17:12:59,740 [INFO] Database connection established successfully
2025-02-13 17:13:03,304 [INFO] GUI initialized successfully
2025-02-13 17:13:10,248 [INFO] Application shutdown initiated
2025-02-13 17:13:10,297 [INFO] Database session closed
2025-02-13 17:13:10,297 [INFO] Application terminated
2025-02-13 17:13:14,069 [INFO] Logging system initialized
2025-02-13 17:13:14,069 [INFO] Initializing database connection...
2025-02-13 17:13:15,037 [INFO] Database connection established successfully
2025-02-13 17:13:18,891 [INFO] GUI initialized successfully
2025-02-13 17:13:22,864 [INFO] Application shutdown initiated
2025-02-13 17:13:22,908 [INFO] Database session closed
2025-02-13 17:13:22,908 [INFO] Application terminated
